Case #1: 0
Case #2: 999337777
Case #3: 66 666
Case #4: 333666 666022 2777
Case #5: 4433555 555666096667775553
Case #6: 7777997777999783302299
Case #7: 9999522666555990888999966
Case #8: 77725577555077377 77055544 444
Case #9: 999 96665557777 777
Case #10: 33399333 33447777999948883477444
Case #11: 558886644424449 997999955
Case #12: 22 2224449555223666
Case #13: 6655444993335
Case #14: 6022669995 548822998
Case #15: 599666554433303088833
Case #16: 66 663558
Case #17: 33666 66622280885566655
Case #18: 33773
Case #19: 333999777799
Case #20: 47778884455 557777999977774
Case #21: 7777244422233227555
Case #22: 76996634999
Case #23: 88466
Case #24: 6480557772
Case #25: 02333 3299995577555 57777
Case #26: 77733344
Case #27: 3388666 6
Case #28: 46888333885999955
Case #29: 2 2443398
Case #30: 3388807775588 8838 8 88820
Case #31: 777477433369999406644433344
Case #32: 77797
Case #33: 84
Case #34: 42443553666
Case #35: 7733 333555777356999888 8 88
Case #36: 7773338886699 9999
Case #37: 77 7777588555
Case #38: 22339 999988833
Case #39: 7777277776 666 6699973222
Case #40: 9 9
Case #41: 66258842225677 7767777333
Case #42: 22999975888
Case #43: 6555 55666 6866655
Case #44: 88 887777666366688866
Case #45: 444 44
Case #46: 799922
Case #47: 999322
Case #48: 422244488866
Case #49: 37722 222777 7777333555 555224666
Case #50: 788 888
Case #51: 0777727777646444999907777
Case #52: 9888 888333633
Case #53: 4577779999444256644433
Case #54: 99997773599 99995599992999333
Case #55: 883399933446228666
Case #56: 33668889 9999277339999555
Case #57: 7887773 3339999
Case #58: 99 996077774 444 4388822255 5554
Case #59: 77 7777
Case #60: 9555333222553666887744333922
Case #61: 666 6655577773
Case #62: 8884499
Case #63: 77705522277 7777 79992229999556999
Case #64: 5553399955599
Case #65: 844555
Case #66: 63666777666
Case #67: 888788
Case #68: 999288 866655526
Case #69: 055588 8 855 556 666772272226
Case #70: 666255355336
Case #71: 066 6660 066
Case #72: 545577776688822333550
Case #73: 55207773336688777
Case #74: 077888744338883330228777755
Case #75: 22236777766699779969 9999 9666
Case #76: 84
Case #77: 22244887774446664229
Case #78: 82 22
Case #79: 2777558839922277775
Case #80: 553
Case #81: 6633
Case #82: 999222 26677779995522277444555 555
Case #83: 4447777666
Case #84: 5556662277779 9777
Case #85: 55537772299988
Case #86: 66 662223777
Case #87: 88779999333999964488
Case #88: 27777 77766699667777339
Case #89: 75557779996 667777
Case #90: 05550988899 970
Case #91: 556777944
Case #92: 22205888
Case #93: 2223 34404487777998855
Case #94: 2999944
Case #95: 6777799922299995559999
Case #96: 3309998522
Case #97: 33366338
Case #98: 99227777555222088844
Case #99: 2225550444977733
Case #100: 7777 7777888
